<?xml version="1.0" encoding="UTF-8"?>
<!-- Generated by org.testng.reporters.JUnitReportReporter -->
<testsuite hostname="LAPTOP-57PQCLD8" failures="0" tests="1" name="com.automationpractice.scripts.Validation" time="8.364" errors="0" timestamp="2021-01-19T11:28:31 EST" skipped="0">
  <testcase classname="com.automationpractice.scripts.Validation" name="login" time="8.364"/>
</testsuite> <!-- com.automationpractice.scripts.Validation -->
