<?xml version="1.0" encoding="UTF-8"?>
<!-- Generated by org.testng.reporters.JUnitReportReporter -->
<testsuite hostname="LAPTOP-57PQCLD8" failures="0" tests="1" name="com.automationpractice.scripts.InvalidLoginTest" time="2.811" errors="0" timestamp="2021-01-20T07:08:07 EST" skipped="0">
  <testcase classname="com.automationpractice.scripts.InvalidLoginTest" name="login" time="2.811"/>
</testsuite> <!-- com.automationpractice.scripts.InvalidLoginTest -->
