<?xml version="1.0" encoding="UTF-8"?>
<!-- Generated by org.testng.reporters.JUnitReportReporter -->
<testsuite hostname="LAPTOP-57PQCLD8" failures="0" tests="1" name="com.automationpractice.scripts.LoginTest" time="22.270" errors="0" timestamp="2021-01-20T06:27:15 EST" skipped="0">
  <testcase classname="com.automationpractice.scripts.LoginTest" name="login" time="22.270"/>
</testsuite> <!-- com.automationpractice.scripts.LoginTest -->
